  Main.cpp
\\banner.main.ad.rit.edu\students\avk9238\igmprofile\desktop\github\game-engine\the working one\windowdemo\camera.h(40): warning C4305: 'initializing': truncation from 'double' to 'float'
  Engine.cpp
\\banner.main.ad.rit.edu\students\avk9238\igmprofile\desktop\github\game-engine\the working one\windowdemo\camera.h(40): warning C4305: 'initializing': truncation from 'double' to 'float'
\\banner.main.ad.rit.edu\students\avk9238\igmprofile\desktop\github\game-engine\the working one\windowdemo\engine.cpp(11): warning C4800: 'int': forcing value to bool 'true' or 'false' (performance warning)
\\banner.main.ad.rit.edu\students\avk9238\igmprofile\desktop\github\game-engine\the working one\windowdemo\engine.cpp(15): warning C4800: 'int': forcing value to bool 'true' or 'false' (performance warning)
\\banner.main.ad.rit.edu\students\avk9238\igmprofile\desktop\github\game-engine\the working one\windowdemo\engine.cpp(86): warning C4244: 'argument': conversion from 'double' to 'float', possible loss of data
\\banner.main.ad.rit.edu\students\avk9238\igmprofile\desktop\github\game-engine\the working one\windowdemo\engine.cpp(90): warning C4244: 'argument': conversion from 'double' to 'float', possible loss of data
\\banner.main.ad.rit.edu\students\avk9238\igmprofile\desktop\github\game-engine\the working one\windowdemo\engine.cpp(94): warning C4244: 'argument': conversion from 'double' to 'float', possible loss of data
\\banner.main.ad.rit.edu\students\avk9238\igmprofile\desktop\github\game-engine\the working one\windowdemo\engine.cpp(98): warning C4244: 'argument': conversion from 'double' to 'float', possible loss of data
  Camera.cpp
\\banner.main.ad.rit.edu\students\avk9238\igmprofile\desktop\github\game-engine\the working one\windowdemo\camera.h(40): warning C4305: 'initializing': truncation from 'double' to 'float'
\\banner.main.ad.rit.edu\students\avk9238\igmprofile\desktop\github\game-engine\the working one\windowdemo\camera.cpp(10): warning C4800: 'int': forcing value to bool 'true' or 'false' (performance warning)
\\banner.main.ad.rit.edu\students\avk9238\igmprofile\desktop\github\game-engine\the working one\windowdemo\camera.cpp(14): warning C4800: 'int': forcing value to bool 'true' or 'false' (performance warning)
\\banner.main.ad.rit.edu\students\avk9238\igmprofile\desktop\github\game-engine\the working one\windowdemo\camera.cpp(60): warning C4305: 'initializing': truncation from 'double' to 'float'
\\banner.main.ad.rit.edu\students\avk9238\igmprofile\desktop\github\game-engine\the working one\windowdemo\camera.cpp(65): warning C4244: '-=': conversion from 'double' to 'float', possible loss of data
\\banner.main.ad.rit.edu\students\avk9238\igmprofile\desktop\github\game-engine\the working one\windowdemo\camera.cpp(66): warning C4244: '-=': conversion from 'double' to 'float', possible loss of data
  Generating Code...
LINK : warning LNK4098: defaultlib 'MSVCRT' conflicts with use of other libs; use /NODEFAULTLIB:library
  WindowDemo.vcxproj -> \\banner.main.ad.rit.edu\students\avk9238\IGMProfile\Desktop\GitHub\Game-Engine\THE WORKING ONE\Debug\WindowDemo.exe
